2024-01-06T15:40:03+00:00 CRITICAL Uncaught TypeError: implode(): Argument #2 ($array) must be of type ?array, string given in C:\Xamp\htdocs\chic_dressing_p7\wp-content\plugins\wysija-newsletters\helpers\file.php:161
Stack trace:
#0 C:\Xamp\htdocs\chic_dressing_p7\wp-content\plugins\wysija-newsletters\helpers\file.php(161): implode(Array, '|')
#1 C:\Xamp\htdocs\chic_dressing_p7\wp-content\plugins\wysija-newsletters\core\base.php(820): WYSIJA_help_file->clear()
#2 C:\Xamp\htdocs\chic_dressing_p7\wp-content\plugins\wysija-newsletters\helpers\cron.php(184): WYSIJA::croned_daily()
#3 C:\Xamp\htdocs\chic_dressing_p7\wp-content\plugins\wysija-newsletters\helpers\cron.php(120): WYSIJA_help_cron->run_scheduled_task('daily')
#4 C:\Xamp\htdocs\chic_dressing_p7\wp-content\plugins\wysija-newsletters\helpers\cron.php(56): WYSIJA_help_cron->check_scheduled_task(Array, 'daily')
#5 C:\Xamp\htdocs\chic_dressing_p7\wp-content\plugins\wysija-newsletters\core\base.php(1525): WYSIJA_help_cron->run()
#6 C:\Xamp\htdocs\chic_dressing_p7\wp-includes\class-wp-hook.php(324): init_wysija_cron('')
#7 C:\Xamp\htdocs\chic_dressing_p7\wp-includes\class-wp-hook.php(348): WP_Hook->apply_filters(NULL, Array)
#8 C:\Xamp\htdocs\chic_dressing_p7\wp-includes\plugin.php(517): WP_Hook->do_action(Array)
#9 C:\Xamp\htdocs\chic_dressing_p7\wp-settings.php(643): do_action('init')
#10 C:\Xamp\htdocs\chic_dressing_p7\wp-config.php(96): require_once('C:\\Xamp\\htdocs\\...')
#11 C:\Xamp\htdocs\chic_dressing_p7\wp-load.php(50): require_once('C:\\Xamp\\htdocs\\...')
#12 C:\Xamp\htdocs\chic_dressing_p7\wp-cron.php(46): require_once('C:\\Xamp\\htdocs\\...')
#13 {main}
  thrown dans C:\Xamp\htdocs\chic_dressing_p7\wp-content\plugins\wysija-newsletters\helpers\file.php à la ligne 161

2024-01-06T15:40:03+00:00 CRITICAL Uncaught TypeError: implode(): Argument #2 ($array) must be of type ?array, string given in C:\Xamp\htdocs\chic_dressing_p7\wp-content\plugins\wysija-newsletters\helpers\file.php:161
Stack trace:
#0 C:\Xamp\htdocs\chic_dressing_p7\wp-content\plugins\wysija-newsletters\helpers\file.php(161): implode(Array, '|')
#1 C:\Xamp\htdocs\chic_dressing_p7\wp-content\plugins\wysija-newsletters\core\base.php(820): WYSIJA_help_file->clear()
#2 C:\Xamp\htdocs\chic_dressing_p7\wp-content\plugins\wysija-newsletters\helpers\cron.php(184): WYSIJA::croned_daily()
#3 C:\Xamp\htdocs\chic_dressing_p7\wp-content\plugins\wysija-newsletters\helpers\cron.php(120): WYSIJA_help_cron->run_scheduled_task('daily')
#4 C:\Xamp\htdocs\chic_dressing_p7\wp-content\plugins\wysija-newsletters\helpers\cron.php(56): WYSIJA_help_cron->check_scheduled_task(Array, 'daily')
#5 C:\Xamp\htdocs\chic_dressing_p7\wp-content\plugins\wysija-newsletters\core\base.php(1525): WYSIJA_help_cron->run()
#6 C:\Xamp\htdocs\chic_dressing_p7\wp-includes\class-wp-hook.php(324): init_wysija_cron('')
#7 C:\Xamp\htdocs\chic_dressing_p7\wp-includes\class-wp-hook.php(348): WP_Hook->apply_filters(NULL, Array)
#8 C:\Xamp\htdocs\chic_dressing_p7\wp-includes\plugin.php(517): WP_Hook->do_action(Array)
#9 C:\Xamp\htdocs\chic_dressing_p7\wp-settings.php(643): do_action('init')
#10 C:\Xamp\htdocs\chic_dressing_p7\wp-config.php(96): require_once('C:\\Xamp\\htdocs\\...')
#11 C:\Xamp\htdocs\chic_dressing_p7\wp-load.php(50): require_once('C:\\Xamp\\htdocs\\...')
#12 C:\Xamp\htdocs\chic_dressing_p7\wp-cron.php(46): require_once('C:\\Xamp\\htdocs\\...')
#13 {main}
  thrown dans C:\Xamp\htdocs\chic_dressing_p7\wp-content\plugins\wysija-newsletters\helpers\file.php à la ligne 161

2024-01-06T17:21:06+00:00 CRITICAL Uncaught TypeError: implode(): Argument #2 ($array) must be of type ?array, string given in C:\Xamp\htdocs\chic_dressing_p7\wp-content\plugins\wysija-newsletters\helpers\file.php:161
Stack trace:
#0 C:\Xamp\htdocs\chic_dressing_p7\wp-content\plugins\wysija-newsletters\helpers\file.php(161): implode(Array, '|')
#1 C:\Xamp\htdocs\chic_dressing_p7\wp-content\plugins\wysija-newsletters\core\base.php(820): WYSIJA_help_file->clear()
#2 C:\Xamp\htdocs\chic_dressing_p7\wp-content\plugins\wysija-newsletters\helpers\cron.php(184): WYSIJA::croned_daily()
#3 C:\Xamp\htdocs\chic_dressing_p7\wp-content\plugins\wysija-newsletters\helpers\cron.php(120): WYSIJA_help_cron->run_scheduled_task('daily')
#4 C:\Xamp\htdocs\chic_dressing_p7\wp-content\plugins\wysija-newsletters\helpers\cron.php(56): WYSIJA_help_cron->check_scheduled_task(Array, 'daily')
#5 C:\Xamp\htdocs\chic_dressing_p7\wp-content\plugins\wysija-newsletters\core\base.php(1525): WYSIJA_help_cron->run()
#6 C:\Xamp\htdocs\chic_dressing_p7\wp-includes\class-wp-hook.php(324): init_wysija_cron('')
#7 C:\Xamp\htdocs\chic_dressing_p7\wp-includes\class-wp-hook.php(348): WP_Hook->apply_filters(NULL, Array)
#8 C:\Xamp\htdocs\chic_dressing_p7\wp-includes\plugin.php(517): WP_Hook->do_action(Array)
#9 C:\Xamp\htdocs\chic_dressing_p7\wp-settings.php(643): do_action('init')
#10 C:\Xamp\htdocs\chic_dressing_p7\wp-config.php(96): require_once('C:\\Xamp\\htdocs\\...')
#11 C:\Xamp\htdocs\chic_dressing_p7\wp-load.php(50): require_once('C:\\Xamp\\htdocs\\...')
#12 C:\Xamp\htdocs\chic_dressing_p7\wp-cron.php(46): require_once('C:\\Xamp\\htdocs\\...')
#13 {main}
  thrown dans C:\Xamp\htdocs\chic_dressing_p7\wp-content\plugins\wysija-newsletters\helpers\file.php à la ligne 161

2024-01-06T17:21:06+00:00 CRITICAL Uncaught TypeError: implode(): Argument #2 ($array) must be of type ?array, string given in C:\Xamp\htdocs\chic_dressing_p7\wp-content\plugins\wysija-newsletters\helpers\file.php:161
Stack trace:
#0 C:\Xamp\htdocs\chic_dressing_p7\wp-content\plugins\wysija-newsletters\helpers\file.php(161): implode(Array, '|')
#1 C:\Xamp\htdocs\chic_dressing_p7\wp-content\plugins\wysija-newsletters\core\base.php(820): WYSIJA_help_file->clear()
#2 C:\Xamp\htdocs\chic_dressing_p7\wp-content\plugins\wysija-newsletters\helpers\cron.php(184): WYSIJA::croned_daily()
#3 C:\Xamp\htdocs\chic_dressing_p7\wp-content\plugins\wysija-newsletters\helpers\cron.php(120): WYSIJA_help_cron->run_scheduled_task('daily')
#4 C:\Xamp\htdocs\chic_dressing_p7\wp-content\plugins\wysija-newsletters\helpers\cron.php(56): WYSIJA_help_cron->check_scheduled_task(Array, 'daily')
#5 C:\Xamp\htdocs\chic_dressing_p7\wp-content\plugins\wysija-newsletters\core\base.php(1525): WYSIJA_help_cron->run()
#6 C:\Xamp\htdocs\chic_dressing_p7\wp-includes\class-wp-hook.php(324): init_wysija_cron('')
#7 C:\Xamp\htdocs\chic_dressing_p7\wp-includes\class-wp-hook.php(348): WP_Hook->apply_filters(NULL, Array)
#8 C:\Xamp\htdocs\chic_dressing_p7\wp-includes\plugin.php(517): WP_Hook->do_action(Array)
#9 C:\Xamp\htdocs\chic_dressing_p7\wp-settings.php(643): do_action('init')
#10 C:\Xamp\htdocs\chic_dressing_p7\wp-config.php(96): require_once('C:\\Xamp\\htdocs\\...')
#11 C:\Xamp\htdocs\chic_dressing_p7\wp-load.php(50): require_once('C:\\Xamp\\htdocs\\...')
#12 C:\Xamp\htdocs\chic_dressing_p7\wp-cron.php(46): require_once('C:\\Xamp\\htdocs\\...')
#13 {main}
  thrown dans C:\Xamp\htdocs\chic_dressing_p7\wp-content\plugins\wysija-newsletters\helpers\file.php à la ligne 161

